mode: count
backend_test/cmd/app/handler/employee.go:11.56,13.70 2 0
backend_test/cmd/app/handler/employee.go:13.70,15.3 1 0
backend_test/cmd/app/handler/employee.go:16.2,18.21 3 0
backend_test/cmd/app/handler/employee.go:18.21,20.3 1 0
backend_test/cmd/app/handler/employee.go:21.2,21.49 1 0
backend_test/cmd/app/handler/employee.go:24.55,26.67 2 3
backend_test/cmd/app/handler/employee.go:26.67,28.3 1 1
backend_test/cmd/app/handler/employee.go:29.2,30.20 2 2
backend_test/cmd/app/handler/employee.go:30.20,32.3 1 1
backend_test/cmd/app/handler/employee.go:33.2,33.48 1 1
backend_test/cmd/app/handler/employee.go:36.59,38.67 2 3
backend_test/cmd/app/handler/employee.go:38.67,40.3 1 1
backend_test/cmd/app/handler/employee.go:41.2,42.20 2 2
backend_test/cmd/app/handler/employee.go:42.20,44.3 1 1
backend_test/cmd/app/handler/employee.go:45.2,45.48 1 1
backend_test/cmd/app/handler/employee.go:48.56,50.67 2 0
backend_test/cmd/app/handler/employee.go:50.67,52.3 1 0
backend_test/cmd/app/handler/employee.go:53.2,54.20 2 0
backend_test/cmd/app/handler/employee.go:54.20,56.3 1 0
backend_test/cmd/app/handler/employee.go:57.2,57.48 1 0
backend_test/cmd/app/handler/employee.go:60.62,62.67 2 0
backend_test/cmd/app/handler/employee.go:62.67,64.3 1 0
backend_test/cmd/app/handler/employee.go:65.2,66.20 2 0
backend_test/cmd/app/handler/employee.go:66.20,68.3 1 0
backend_test/cmd/app/handler/employee.go:69.2,69.48 1 0
backend_test/cmd/app/handler/handler.go:16.12,20.2 1 7
backend_test/cmd/app/handler/handler.go:22.48,23.21 1 0
backend_test/cmd/app/handler/handler.go:23.21,25.3 1 0
backend_test/cmd/app/handler/handler.go:26.2,26.22 1 0
backend_test/cmd/app/handler/handler.go:26.22,28.3 1 0
backend_test/cmd/app/handler/handler.go:31.49,39.2 5 1
backend_test/service/employee.go:30.51,34.2 1 9
backend_test/service/employee.go:36.146,40.16 4 2
backend_test/service/employee.go:40.16,43.3 2 1
backend_test/service/employee.go:44.2,45.35 2 1
backend_test/service/employee.go:48.152,51.16 3 3
backend_test/service/employee.go:51.16,53.45 2 2
backend_test/service/employee.go:53.45,55.4 1 1
backend_test/service/employee.go:56.3,56.53 1 1
backend_test/service/employee.go:58.2,60.34 3 1
backend_test/service/employee.go:63.149,67.16 3 4
backend_test/service/employee.go:67.16,69.46 2 1
backend_test/service/employee.go:69.46,71.4 1 1
backend_test/service/employee.go:73.2,73.31 1 3
backend_test/service/employee.go:73.31,75.3 1 1
backend_test/service/employee.go:77.2,79.16 3 2
backend_test/service/employee.go:79.16,82.3 2 0
backend_test/service/employee.go:83.2,83.15 1 2
backend_test/service/employee.go:83.15,84.45 1 2
backend_test/service/employee.go:84.45,86.18 2 1
backend_test/service/employee.go:86.18,88.5 1 0
backend_test/service/employee.go:92.2,95.16 4 2
backend_test/service/employee.go:95.16,98.3 2 1
backend_test/service/employee.go:99.2,100.16 2 1
backend_test/service/employee.go:100.16,102.3 1 0
backend_test/service/employee.go:103.2,106.34 4 1
backend_test/service/employee.go:109.143,112.16 3 0
backend_test/service/employee.go:112.16,114.45 2 0
backend_test/service/employee.go:114.45,116.4 1 0
backend_test/service/employee.go:117.3,117.53 1 0
backend_test/service/employee.go:121.2,122.16 2 0
backend_test/service/employee.go:122.16,124.46 2 0
backend_test/service/employee.go:124.46,126.4 1 0
backend_test/service/employee.go:128.2,128.70 1 0
backend_test/service/employee.go:128.70,130.3 1 0
backend_test/service/employee.go:132.2,134.16 3 0
backend_test/service/employee.go:134.16,137.3 2 0
backend_test/service/employee.go:138.2,138.15 1 0
backend_test/service/employee.go:138.15,139.45 1 0
backend_test/service/employee.go:139.45,141.18 2 0
backend_test/service/employee.go:141.18,143.5 1 0
backend_test/service/employee.go:147.2,149.16 3 0
backend_test/service/employee.go:149.16,151.3 1 0
backend_test/service/employee.go:153.2,154.16 2 0
backend_test/service/employee.go:154.16,156.3 1 0
backend_test/service/employee.go:157.2,160.34 4 0
backend_test/service/employee.go:163.126,166.16 3 0
backend_test/service/employee.go:166.16,168.45 2 0
backend_test/service/employee.go:168.45,170.4 1 0
backend_test/service/employee.go:171.3,171.48 1 0
backend_test/service/employee.go:174.2,174.25 1 0
backend_test/pkg/db/db.go:26.22,28.2 1 0
backend_test/pkg/db/db.go:30.38,46.16 4 0
backend_test/pkg/db/db.go:46.16,48.3 1 0
backend_test/pkg/db/db.go:49.2,49.37 1 0
backend_test/pkg/db/db.go:52.32,53.20 1 0
backend_test/pkg/db/db.go:53.20,55.3 1 0
backend_test/pkg/db/db.go:56.2,57.16 2 0
backend_test/pkg/db/db.go:57.16,59.3 1 0
backend_test/pkg/db/db.go:60.2,61.16 2 0
backend_test/pkg/db/db.go:61.16,63.3 1 0
backend_test/pkg/db/db.go:64.2,65.16 2 0
backend_test/pkg/db/db.go:65.16,67.3 1 0
backend_test/pkg/db/db.go:68.2,68.31 1 0
backend_test/pkg/db/db.go:68.31,69.43 1 0
backend_test/pkg/db/db.go:69.43,71.4 1 0
backend_test/pkg/db/postgres.go:22.95,23.52 1 4
backend_test/pkg/db/postgres.go:23.52,25.3 1 4
backend_test/pkg/db/postgres.go:28.71,29.52 1 4
backend_test/pkg/db/postgres.go:29.52,31.3 1 4
backend_test/pkg/db/postgres.go:34.114,35.52 1 4
backend_test/pkg/db/postgres.go:35.52,39.3 3 4
backend_test/pkg/db/postgres.go:43.102,54.27 3 4
backend_test/pkg/db/postgres.go:54.27,56.3 1 12
backend_test/pkg/db/postgres.go:58.2,62.16 2 4
backend_test/pkg/db/postgres.go:62.16,64.3 1 4
backend_test/pkg/db/postgres.go:66.2,66.54 1 0
